
 =>datafile twodim.dat;

 =>Format pid 1-5 ses 6-10 languagenativeandother 11 languageother 12 sexmale 13 responses 14-144;

 =>codes 1,0;

 =>labels << twodim.lab;

 =>score ( 0 1 ) ( 0 1 ) () ! items( 1-24, 69-85, 99-108 );

 =>score ( 0 1 ) () ( 0 1 ) ! items( 25-68, 86-98, 109-131 );

 =>set constraints=cases;

 =>set warnings=no,update=yes,n_plausible=5,p_nodes=2000,f_nodes=2000;

 =>export par >> twodim.prm;

 =>regression ses languagenativeandother languageother sexmale;

 =>model item;

 =>estimate ! fit=yes,method=quadrature,iter=2000,nodes=20,converge=0.001,deviancechange=0.0001,stderr=quick,distribution=normal;
Original Sufficient Statistics
Parameter No.              Sufficient Statistic
      1                      -228.00000
      2                      -714.00000
      3                      -459.00000
      4                      -709.00000
      5                      -610.00000
      6                      -131.00000
      7                      -1046.00000
      8                      -587.00000
      9                      -1099.00000
     10                      -866.00000
     11                      -960.00000
     12                      -313.00000
     13                      -370.00000
     14                      -594.00000
     15                      -1041.00000
     16                      -756.00000
     17                      -861.00000
     18                      -164.00000
     19                      -761.00000
     20                      -585.00000
     21                      -329.00000
     22                      -619.00000
     23                      -496.00000
     24                      -679.00000
     25                       -71.00000
     26                      -473.00000
     27                      -426.00000
     28                      -657.00000
     29                      -386.00000
     30                      -397.00000
     31                      -491.00000
     32                      -401.00000
     33                      -488.00000
     34                      -253.00000
     35                      -619.00000
     36                      -538.00000
     37                      -501.00000
     38                      -309.00000
     39                      -325.00000
     40                      -403.00000
     41                      -340.00000
     42                      -390.00000
     43                      -239.00000
     44                      -236.00000
     45                      -446.00000
     46                      -431.00000
     47                      -240.00000
     48                      -218.00000
     49                      -425.00000
     50                      -413.00000
     51                      -453.00000
     52                      -374.00000
     53                      -320.00000
     54                      -393.00000
     55                      -282.00000
     56                      -138.00000
     57                      -297.00000
     58                      -265.00000
     59                      -375.00000
     60                      -217.00000
     61                      -387.00000
     62                      -393.00000
     63                      -279.00000
     64                      -485.00000
     65                      -320.00000
     66                      -310.00000
     67                      -236.00000
     68                      -454.00000
     69                      -132.00000
     70                      -539.00000
     71                      -176.00000
     72                      -959.00000
     73                       -98.00000
     74                      -706.00000
     75                      -763.00000
     76                      -393.00000
     77                      -820.00000
     78                       -89.00000
     79                      -125.00000
     80                      -299.00000
     81                      -708.00000
     82                      -251.00000
     83                      -734.00000
     84                      -814.00000
     85                      -928.00000
     86                      -532.00000
     87                      -319.00000
     88                      -453.00000
     89                      -391.00000
     90                      -262.00000
     91                      -581.00000
     92                      -232.00000
     93                      -229.00000
     94                      -353.00000
     95                      -600.00000
     96                      -419.00000
     97                      -620.00000
     98                      -422.00000
     99                      -704.00000
    100                      -1003.00000
    101                      -930.00000
    102                      -919.00000
    103                      -873.00000
    104                      -1024.00000
    105                      -918.00000
    106                      -478.00000
    107                      -1089.00000
    108                      -963.00000
    109                      -238.00000
    110                      -317.00000
    111                      -225.00000
    112                      -536.00000
    113                      -236.00000
    114                      -445.00000
    115                      -490.00000
    116                      -429.00000
    117                      -560.00000
    118                      -509.00000
    119                      -250.00000
    120                      -347.00000
    121                      -116.00000
    122                      -202.00000
    123                      -307.00000
    124                      -117.00000
    125                      -257.00000
    126                      -134.00000
    127                      -157.00000
    128                      -493.00000
    129                       -72.00000
    130                      -370.00000
    131                      -466.00000
Modified Sufficient Statistics
Parameter No.              Sufficient Statistic
      1                      -228.00000
      2                      -714.00000
      3                      -459.00000
      4                      -709.00000
      5                      -610.00000
      6                      -131.00000
      7                      -1046.00000
      8                      -587.00000
      9                      -1099.00000
     10                      -866.00000
     11                      -960.00000
     12                      -313.00000
     13                      -370.00000
     14                      -594.00000
     15                      -1041.00000
     16                      -756.00000
     17                      -861.00000
     18                      -164.00000
     19                      -761.00000
     20                      -585.00000
     21                      -329.00000
     22                      -619.00000
     23                      -496.00000
     24                      -679.00000
     25                       -71.00000
     26                      -473.00000
     27                      -426.00000
     28                      -657.00000
     29                      -386.00000
     30                      -397.00000
     31                      -491.00000
     32                      -401.00000
     33                      -488.00000
     34                      -253.00000
     35                      -619.00000
     36                      -538.00000
     37                      -501.00000
     38                      -309.00000
     39                      -325.00000
     40                      -403.00000
     41                      -340.00000
     42                      -390.00000
     43                      -239.00000
     44                      -236.00000
     45                      -446.00000
     46                      -431.00000
     47                      -240.00000
     48                      -218.00000
     49                      -425.00000
     50                      -413.00000
     51                      -453.00000
     52                      -374.00000
     53                      -320.00000
     54                      -393.00000
     55                      -282.00000
     56                      -138.00000
     57                      -297.00000
     58                      -265.00000
     59                      -375.00000
     60                      -217.00000
     61                      -387.00000
     62                      -393.00000
     63                      -279.00000
     64                      -485.00000
     65                      -320.00000
     66                      -310.00000
     67                      -236.00000
     68                      -454.00000
     69                      -132.00000
     70                      -539.00000
     71                      -176.00000
     72                      -959.00000
     73                       -98.00000
     74                      -706.00000
     75                      -763.00000
     76                      -393.00000
     77                      -820.00000
     78                       -89.00000
     79                      -125.00000
     80                      -299.00000
     81                      -708.00000
     82                      -251.00000
     83                      -734.00000
     84                      -814.00000
     85                      -928.00000
     86                      -532.00000
     87                      -319.00000
     88                      -453.00000
     89                      -391.00000
     90                      -262.00000
     91                      -581.00000
     92                      -232.00000
     93                      -229.00000
     94                      -353.00000
     95                      -600.00000
     96                      -419.00000
     97                      -620.00000
     98                      -422.00000
     99                      -704.00000
    100                      -1003.00000
    101                      -930.00000
    102                      -919.00000
    103                      -873.00000
    104                      -1024.00000
    105                      -918.00000
    106                      -478.00000
    107                      -1089.00000
    108                      -963.00000
    109                      -238.00000
    110                      -317.00000
    111                      -225.00000
    112                      -536.00000
    113                      -236.00000
    114                      -445.00000
    115                      -490.00000
    116                      -429.00000
    117                      -560.00000
    118                      -509.00000
    119                      -250.00000
    120                      -347.00000
    121                      -116.00000
    122                      -202.00000
    123                      -307.00000
    124                      -117.00000
    125                      -257.00000
    126                      -134.00000
    127                      -157.00000
    128                      -493.00000
    129                       -72.00000
    130                      -370.00000
    131                      -466.00000
.......................................................
Iteration =    1
   Deviance=    147324.612 
   Covariance 
      0.59390      0.17702
      0.17702      0.72645
   Correlation 
      1.00000      0.26950
      0.26950      1.00000
   Regression Coefficients 
      0.00000      0.00935     -0.26212     -0.27154      0.03247      0.00000      0.01026     -0.30984     -0.32346     -0.14089
   Item Parameters 
         1   1.89452
         2  -0.58372
         3   0.45772
         4  -0.56234
         5  -0.15355
         6   2.28024
         7  -2.29467
         8   0.27675
         9  -3.18245
        10  -0.94760
        11  -1.51801
        12   1.43737
        13   0.84116
        14  -0.08908
        15  -2.23596
        16  -0.76761
        17  -1.27930
        18   2.32545
        19  -0.79009
        20  -0.05289
        21   1.36019
        22  -0.18993
        23   0.30573
        24  -0.09388
        25   2.69312
        26  -0.41342
        27  -0.55753
        28  -1.92165
        29   0.12288
        30  -0.28700
        31  -1.30720
        32  -0.32292
        33  -1.26540
        34   0.95465
        35  -1.51381
        36  -2.17393
        37  -1.45455
        38   0.43959
        39   0.49373
        40  -0.34103
        41   0.19314
        42  -0.65417
        43   0.57291
        44   0.70714
        45  -1.27532
        46  -1.48307
        47   0.56363
        48   0.86526
        49  -1.02391
        50  -1.22228
        51  -1.36615
        52  -0.74386
        53  -0.01223
        54  -0.96549
        55   0.17495
        56   1.64620
        57   0.18544
        58   0.45790
        59  -0.50851
        60   0.77877
        61  -0.62454
        62  -0.68408
        63   0.33872
        64  -1.84912
        65  -0.18504
        66  -0.08868
        67   0.60078
        68  -1.37947
        69   2.19031
        70   0.43751
        71   1.83575
        72  -1.43668
        73   2.53911
        74  -0.22207
        75  -0.45868
        76   0.67386
        77  -0.70937
        78   2.64886
        79   2.62508
        80   1.10993
        81  -0.23020
        82   1.72644
        83  -0.33692
        84  -0.68211
        85  -1.25315
        86  -0.97665
        87   0.53576
        88  -0.36643
        89   0.05838
        90   0.92477
        91  -1.44206
        92   1.14120
        93   1.14768
        94   0.29693
        95  -1.63406
        96  -0.14031
        97  -1.88160
        98  -0.16058
        99  -0.16949
       100  -2.07075
       101  -1.39864
       102  -1.31870
       103  -1.01884
       104  -2.34503
       105  -1.31162
       106   0.76970
       107  -4.30938
       108  -1.66543
       109   0.79958
       110   0.14797
       111   0.90953
       112  -2.72328
       113   0.81639
       114  -1.05936
       115  -1.67209
       116  -0.23758
       117  -1.39649
       118  -0.88316
       119   1.03210
       120   0.34525
       121   2.22452
       122   0.83380
       123  -0.00055
       124   1.66381
       125   0.38730
       126   1.47373
       127   1.24007
       128  -1.72198
       129   2.28989
       130  -0.49884
       131  -1.39506
Maximum change in item parameters was   -4.30938 for parameter 107 
Maximum change in regression parameters was   -0.32346 for dimension  2 coefficient  4
Maximum change in covariance parameters was   -0.40610
 for term  1  1.......................................................
Iteration =    2
   Deviance=    115406.789 
   Covariance 
      0.60457      0.30949
      0.30949      0.77828
   Correlation 
      1.00000      0.45119
      0.45119      1.00000
   Regression Coefficients 
      0.00000      0.01384     -0.37028     -0.43091      0.02663      0.00000      0.01469     -0.42859     -0.47275     -0.19381
   Item Parameters 
         1   1.91237
         2  -0.45552
         3   0.60974
         4  -0.43367
         5  -0.01562
         6   2.46306
         7  -2.38381
         8   0.25197
         9  -3.28128
        10  -1.00869
        11  -1.59302
        12   1.44518
        13   1.00151
        14   0.05035
        15  -2.32423
        16  -0.64336
        17  -1.16502
        18   2.35093
        19  -0.66631
        20   0.08738
        21   1.36612
        22  -0.05283
        23   0.45430
        24  -0.13007
        25   2.81830
        26  -0.35877
        27  -0.69746
        28  -1.90338
        29   0.19301
        30  -0.41968
        31  -1.46547
        32  -0.45657
        33  -1.42275
        34   1.04764
        35  -1.48740
        36  -2.34818
        37  -1.61599
        38   0.32661
        39   0.57441
        40  -0.47517
        41   0.07357
        42  -0.73953
        43   0.54880
        44   0.66116
        45  -1.37602
        46  -1.54808
        47   0.53932
        48   0.82375
        49  -1.11876
        50  -1.28335
        51  -1.46882
        52  -0.79647
        53  -0.07933
        54  -1.02220
        55   0.14188
        56   1.62452
        57   0.12419
        58   0.40470
        59  -0.58988
        60   0.75919
        61  -0.70910
        62  -0.77024
        63   0.28201
        64  -1.96098
        65  -0.22612
        66  -0.12764
        67   0.57730
        68  -1.48242
        69   2.53086
        70   0.51142
        71   2.17186
        72  -1.37568
        73   2.88326
        74  -0.15366
        75  -0.39212
        76   0.99051
        77  -0.64459
        78   2.99399
        79   2.71038
        80   1.43459
        81  -0.16185
        82   1.80900
        83  -0.26942
        84  -0.61715
        85  -1.19142
        86  -0.93819
        87   0.60860
        88  -0.31452
        89   0.12024
        90   1.00590
        91  -1.41243
        92   1.22658
        93   1.19549
        94   0.32875
        95  -1.64098
        96  -0.11787
        97  -1.89220
        98  -0.13859
        99  -0.29260
       100  -2.23942
       101  -1.55415
       102  -1.47238
       103  -1.16520
       104  -2.51785
       105  -1.46514
       106   0.67205
       107  -4.49610
       108  -1.82666
       109   0.76013
       110   0.09408
       111   0.87230
       112  -2.83211
       113   0.77728
       114  -1.14132
       115  -1.76617
       116  -0.22737
       117  -1.40898
       118  -0.88647
       119   1.07014
       120   0.36852
       121   2.28216
       122   1.00191
       123   0.14160
       124   1.85268
       125   0.54198
       126   1.65839
       127   1.41910
       128  -1.63373
       129   2.49021
       130  -0.37327
       131  -1.29780
Maximum change in item parameters was    0.34513 for parameter  78 
Maximum change in regression parameters was   -0.15937 for dimension  1 coefficient  4
Maximum change in covariance parameters was    0.13248
 for term  1  2Change in the deviance was  31917.822
.......................................................
Iteration =    3
   Deviance=    115025.407 
   Covariance 
      0.63112      0.39683
      0.39683      0.82632
   Correlation 
      1.00000      0.54950
      0.54950      1.00000
   Regression Coefficients 
      0.00000      0.01562     -0.40833     -0.49656      0.02420      0.00000      0.01634     -0.46737     -0.53169     -0.21348
   Item Parameters 
         1   2.00005
         2  -0.33570
         3   0.73829
         4  -0.31368
         5   0.10780
         6   2.60317
         7  -2.32452
         8   0.32836
         9  -3.22506
        10  -0.94159
        11  -1.52965
        12   1.53009
        13   1.13309
        14   0.17432
        15  -2.26468
        16  -0.52504
        17  -1.05058
        18   2.44081
        19  -0.54817
        20   0.21165
        21   1.45051
        22   0.07027
        23   0.58160
        24  -0.05659
        25   2.90700
        26  -0.30745
        27  -0.70629
        28  -1.87016
        29   0.25191
        30  -0.42460
        31  -1.48394
        32  -0.46202
        33  -1.44073
        34   1.11806
        35  -1.45001
        36  -2.37498
        37  -1.63610
        38   0.33270
        39   0.63855
        40  -0.48089
        41   0.07588
        42  -0.74824
        43   0.56249
        44   0.66768
        45  -1.39051
        46  -1.55781
        47   0.55288
        48   0.83214
        49  -1.13103
        50  -1.29065
        51  -1.48407
        52  -0.79886
        53  -0.08117
        54  -1.02694
        55   0.15042
        56   1.64199
        57   0.12460
        58   0.40827
        59  -0.59710
        60   0.77559
        61  -0.71751
        62  -0.77925
        63   0.28419
        64  -1.97988
        65  -0.22206
        66  -0.12240
        67   0.59135
        68  -1.49778
        69   2.69182
        70   0.61590
        71   2.32989
        72  -1.28562
        73   3.04663
        74  -0.05463
        75  -0.29500
        76   1.13573
        77  -0.54943
        78   3.15803
        79   2.82898
        80   1.58515
        81  -0.06289
        82   1.92297
        83  -0.17132
        84  -0.52178
        85  -1.10016
        86  -0.90037
        87   0.66560
        88  -0.26921
        89   0.17104
        90   1.06780
        91  -1.37975
        92   1.29111
        93   1.26261
        94   0.38668
        95  -1.60312
        96  -0.06487
        97  -1.85636
        98  -0.08581
        99  -0.22798
       100  -2.19633
       101  -1.50502
       102  -1.42241
       103  -1.11182
       104  -2.47668
       105  -1.41509
       106   0.75015
       107  -4.46179
       108  -1.78016
       109   0.78756
       110   0.11255
       111   0.90120
       112  -2.84475
       113   0.80493
       114  -1.13872
       115  -1.77027
       116  -0.20762
       117  -1.40215
       118  -0.87434
       119   1.10648
       120   0.39577
       121   2.33283
       122   1.08411
       123   0.21231
       124   1.94448
       125   0.61820
       126   1.74820
       127   1.50629
       128  -1.58691
       129   2.58767
       130  -0.30982
       131  -1.24687
Maximum change in item parameters was    0.16404 for parameter  78 
Maximum change in regression parameters was   -0.06565 for dimension  1 coefficient  4
Maximum change in covariance parameters was    0.08734
 for term  1  2Change in the deviance was    381.382
.......................................................
Iteration =    4
   Deviance=    114863.884 
   Covariance 
      0.64500      0.44814
      0.44814      0.85382
   Correlation 
      1.00000      0.60387
      0.60387      1.00000
   Regression Coefficients 
      0.00000      0.01625     -0.41972     -0.52096      0.02433      0.00000      0.01687     -0.47835     -0.55211     -0.22099
   Item Parameters 
         1   2.08710
         2  -0.24335
         3   0.83459
         4  -0.22124
         5   0.20180
         6   2.70458
         7  -2.25143
         8   0.41027
         9  -3.15372
        10  -0.86431
        11  -1.45434
        12   1.61591
        13   1.23074
        14   0.26857
        15  -2.19144
        16  -0.43337
        17  -0.96074
        18   2.52881
        19  -0.45659
        20   0.30604
        21   1.53611
        22   0.16414
        23   0.67734
        24   0.02392
        25   2.96709
        26  -0.26486
        27  -0.68263
        28  -1.83642
        29   0.29815
        30  -0.39919
        31  -1.46466
        32  -0.43685
        33  -1.42123
        34   1.16973
        35  -1.41421
        36  -2.35951
        37  -1.61757
        38   0.36303
        39   0.68728
        40  -0.45583
        41   0.10453
        42  -0.73094
        43   0.58767
        44   0.69176
        45  -1.37581
        46  -1.54355
        47   0.57800
        48   0.85705
        49  -1.11532
        50  -1.27521
        51  -1.46972
        52  -0.78109
        53  -0.06080
        54  -1.01028
        55   0.17325
        56   1.67096
        57   0.14596
        58   0.43104
        59  -0.57913
        60   0.80199
        61  -0.70007
        62  -0.76208
        63   0.30635
        64  -1.96720
        65  -0.20129
        66  -0.10109
        67   0.61669
        68  -1.48348
        69   2.79185
        70   0.70418
        71   2.42875
        72  -1.20423
        73   3.14764
        74   0.03113
        75  -0.21015
        76   1.22944
        77  -0.46552
        78   3.25931
        79   2.92358
        80   1.68101
        81   0.02283
        82   2.01552
        83  -0.08601
        84  -0.43778
        85  -1.01818
        86  -0.86537
        87   0.70988
        88  -0.23054
        89   0.21236
        90   1.11441
        91  -1.34729
        92   1.33897
        93   1.31441
        94   0.43444
        95  -1.56446
        96  -0.01931
        97  -1.81863
        98  -0.04035
        99  -0.15401
       100  -2.13027
       101  -1.43675
       102  -1.35383
       103  -1.04199
       104  -2.41133
       105  -1.34648
       106   0.82914
       107  -4.39904
       108  -1.71285
       109   0.82613
       110   0.14671
       111   0.94048
       112  -2.82666
       113   0.84361
       114  -1.11258
       115  -1.74763
       116  -0.17941
       117  -1.37983
       118  -0.84959
       119   1.14214
       120   0.42736
       121   2.37490
       122   1.13795
       123   0.26075
       124   2.00278
       125   0.66923
       126   1.80558
       127   1.56245
       128  -1.54976
       129   2.64858
       130  -0.26480
       131  -1.20778
Maximum change in item parameters was    0.10141 for parameter   6 
Maximum change in regression parameters was   -0.02440 for dimension  1 coefficient  4
Maximum change in covariance parameters was    0.05131
 for term  1  2Change in the deviance was    161.523
.......................................................
Iteration =    5
   Deviance=    114730.945 
   Covariance 
      0.64737      0.47585
      0.47585      0.86481
   Correlation 
      1.00000      0.63596
      0.63596      1.00000
   Regression Coefficients 
      0.00000      0.01644     -0.42232     -0.52962      0.02503      0.00000      0.01701     -0.48091     -0.55864     -0.22401
   Item Parameters 
         1   2.15247
         2  -0.17488
         3   0.90410
         4  -0.15276
         5   0.27072
         6   2.77512
         7  -2.18966
         8   0.47469
         9  -3.09258
        10  -0.80115
        11  -1.39181
        12   1.68112
        13   1.30057
        14   0.33755
        15  -2.12962
        16  -0.36510
        17  -0.89302
        18   2.59428
        19  -0.38835
        20   0.37506
        21   1.60128
        22   0.23302
        23   0.74672
        24   0.08799
        25   3.01006
        26  -0.22840
        27  -0.65224
        28  -1.80357
        29   0.33605
        30  -0.36812
        31  -1.43595
        32  -0.40587
        33  -1.39243
        34   1.20972
        35  -1.38051
        36  -2.33228
        37  -1.58914
        38   0.39594
        39   0.72615
        40  -0.42490
        41   0.13682
        42  -0.70378
        43   0.61624
        44   0.72128
        45  -1.34958
        46  -1.51896
        47   0.60656
        48   0.88687
        49  -1.08874
        50  -1.25017
        51  -1.44361
        52  -0.75517
        53  -0.03257
        54  -0.98478
        55   0.20100
        56   1.70219
        57   0.17455
        58   0.46011
        59  -0.55174
        60   0.83099
        61  -0.67287
        62  -0.73497
        63   0.33520
        64  -1.94168
        65  -0.17428
        66  -0.07388
        67   0.64532
        68  -1.45738
        69   2.85582
        70   0.76932
        71   2.49242
        72  -1.14075
        73   3.21186
        74   0.09573
        75  -0.14577
        76   1.29172
        77  -0.40137
        78   3.32361
        79   2.98967
        80   1.74388
        81   0.08743
        82   2.08137
        83  -0.02152
        84  -0.37360
        85  -0.95454
        86  -0.83207
        87   0.74681
        88  -0.19578
        89   0.24816
        90   1.15222
        91  -1.31505
        92   1.37724
        93   1.35460
        94   0.47343
        95  -1.52839
        96   0.01899
        97  -1.78288
        98  -0.00208
        99  -0.09682
       100  -2.07471
       101  -1.38075
       102  -1.29777
       103  -0.98568
       104  -2.35590
       105  -1.29041
       106   0.88739
       107  -4.34410
       108  -1.65705
       109   0.86173
       110   0.18063
       111   0.97635
       112  -2.79939
       113   0.87926
       114  -1.08190
       115  -1.71842
       116  -0.14897
       117  -1.35139
       118  -0.82032
       119   1.17506
       120   0.45894
       121   2.40986
       122   1.17935
       123   0.30000
       124   2.04592
       125   0.70952
       126   1.84836
       127   1.60476
       128  -1.51506
       129   2.69269
       130  -0.22694
       131  -1.17231
Maximum change in item parameters was    0.07053 for parameter   6 
Maximum change in regression parameters was   -0.00867 for dimension  1 coefficient  4
Maximum change in covariance parameters was    0.02771
 for term  1  2Change in the deviance was    132.939
.......................................................
Iteration =    6
   Deviance=    114642.336 
   Covariance 
      0.64361      0.49030
      0.49030      0.86648
   Correlation 
      1.00000      0.65655
      0.65655      1.00000
   Regression Coefficients 
      0.00000      0.01649     -0.42224     -0.53248      0.02563      0.00000      0.01704     -0.48103     -0.56046     -0.22526
   Item Parameters 
         1   2.19857
         2  -0.12484
         3   0.95379
         4  -0.10272
         5   0.32064
         6   2.82390
         7  -2.14191
         8   0.52184
         9  -3.04483
        10  -0.75354
        11  -1.34411
        12   1.72754
        13   1.35008
        14   0.38745
        15  -2.08187
        16  -0.31502
        17  -0.84286
        18   2.64009
        19  -0.33826
        20   0.42495
        21   1.64775
        22   0.28295
        23   0.79647
        24   0.13532
        25   3.04285
        26  -0.19697
        27  -0.62278
        28  -1.77324
        29   0.36788
        30  -0.33849
        31  -1.40694
        32  -0.37626
        33  -1.36341
        34   1.24205
        35  -1.34990
        36  -2.30367
        37  -1.56022
        38   0.42602
        39   0.75822
        40  -0.39530
        41   0.16675
        42  -0.67399
        43   0.64454
        44   0.75135
        45  -1.31990
        46  -1.49130
        47   0.63486
        48   0.91696
        49  -1.05902
        50  -1.22242
        51  -1.41395
        52  -0.72725
        53  -0.00265
        54  -0.95693
        55   0.22920
        56   1.73240
        57   0.20451
        58   0.49013
        59  -0.52192
        60   0.85934
        61  -0.64308
        62  -0.70518
        63   0.36520
        64  -1.91210
        65  -0.14618
        66  -0.04575
        67   0.67363
        68  -1.42773
        69   2.89752
        70   0.81560
        71   2.53420
        72  -1.09365
        73   3.25348
        74   0.14238
        75  -0.09900
        76   1.33380
        77  -0.35450
        78   3.36520
        79   3.03450
        80   1.78585
        81   0.13408
        82   2.12676
        83   0.02519
        84  -0.32674
        85  -0.90748
        86  -0.80133
        87   0.77842
        88  -0.16465
        89   0.27953
        90   1.18399
        91  -1.28461
        92   1.40909
        93   1.38694
        94   0.50593
        95  -1.49588
        96   0.05153
        97  -1.75038
        98   0.03046
        99  -0.05544
       100  -2.03235
       101  -1.33870
       102  -1.25575
       103  -0.94382
       104  -2.31343
       105  -1.24840
       106   0.92819
       107  -4.30119
       108  -1.61486
       109   0.89191
       110   0.21044
       111   1.00659
       112  -2.77147
       113   0.90945
       114  -1.05293
       115  -1.68988
       116  -0.11982
       117  -1.32239
       118  -0.79126
       119   1.20435
       120   0.48817
       121   2.43913
       122   1.21337
       123   0.33341
       124   2.08037
       125   0.74323
       126   1.88273
       127   1.63901
       128  -1.48297
       129   2.72734
       130  -0.19393
       131  -1.13999
Maximum change in item parameters was    0.05016 for parameter  17 
Maximum change in regression parameters was   -0.00286 for dimension  1 coefficient  4
Maximum change in covariance parameters was    0.01445
 for term  1  2Change in the deviance was     88.609
.......................................................
Iteration =    7
   Deviance=    114586.743 
   Covariance 
      0.63751      0.49788
      0.49788      0.86383
   Correlation 
      1.00000      0.67091
      0.67091      1.00000
   Regression Coefficients 
      0.00000      0.01649     -0.42141     -0.53316      0.02604      0.00000      0.01702     -0.48043     -0.56067     -0.22575
   Item Parameters 
         1   2.23093
         2  -0.08825
         3   0.98949
         4  -0.06615
         5   0.35688
         6   2.85799
         7  -2.10585
         8   0.55597
         9  -3.00851
        10  -0.71827
        11  -1.30844
        12   1.76038
        13   1.38542
        14   0.42364
        15  -2.04583
        16  -0.27830
        17  -0.80579
        18   2.67203
        19  -0.30152
        20   0.46110
        21   1.68068
        22   0.31922
        23   0.83230
        24   0.16983
        25   3.06863
        26  -0.17037
        27  -0.59677
        28  -1.74662
        29   0.39442
        30  -0.31252
        31  -1.38085
        32  -0.35028
        33  -1.33732
        34   1.26843
        35  -1.32328
        36  -2.27750
        37  -1.53411
        38   0.45184
        39   0.78470
        40  -0.36932
        41   0.19264
        42  -0.64533
        43   0.67052
        44   0.77937
        45  -1.29101
        46  -1.46452
        47   0.66083
        48   0.94490
        49  -1.03021
        50  -1.19569
        51  -1.38502
        52  -0.70067
        53   0.02574
        54  -0.93028
        55   0.25538
        56   1.75991
        57   0.23280
        58   0.51829
        59  -0.49331
        60   0.88520
        61  -0.61442
        62  -0.67651
        63   0.39341
        64  -1.88302
        65  -0.11982
        66  -0.01944
        67   0.69959
        68  -1.39880
        69   2.92550
        70   0.84843
        71   2.56241
        72  -1.05906
        73   3.28127
        74   0.17592
        75  -0.06523
        76   1.36295
        77  -0.32049
        78   3.39293
        79   3.06511
        80   1.81462
        81   0.16764
        82   2.15818
        83   0.05885
        84  -0.29275
        85  -0.87303
        86  -0.77412
        87   0.80527
        88  -0.13754
        89   0.30654
        90   1.21070
        91  -1.25736
        92   1.43571
        93   1.41324
        94   0.53294
        95  -1.46766
        96   0.07886
        97  -1.72205
        98   0.05781
        99  -0.02553
       100  -2.00056
       101  -1.30747
       102  -1.22460
       103  -0.91297
       104  -2.28145
       105  -1.21725
       106   0.95696
       107  -4.26845
       108  -1.58339
       109   0.91676
       110   0.23550
       111   1.03140
       112  -2.74618
       113   0.93429
       114  -1.02767
       115  -1.66459
       116  -0.09377
       117  -1.29573
       118  -0.76484
       119   1.22955
       120   0.51385
       121   2.46345
       122   1.24168
       123   0.36181
       124   2.10853
       125   0.77159
       126   1.91093
       127   1.66726
       128  -1.45447
       129   2.75538
       130  -0.16550
       131  -1.11152
Maximum change in item parameters was    0.03707 for parameter  17 
Maximum change in regression parameters was    0.00082 for dimension  1 coefficient  3
Maximum change in covariance parameters was    0.00758
 for term  1  2Change in the deviance was     55.593
.......................................................
Iteration =    8
   Deviance=    114551.881 
   Covariance 
      0.63103      0.50202
      0.50202      0.85956
   Correlation 
      1.00000      0.68165
      0.68165      1.00000
   Regression Coefficients 
      0.00000      0.01647     -0.42048     -0.53301      0.02629      0.00000      0.01700     -0.47964     -0.56034     -0.22587
   Item Parameters 
         1   2.25396
         2  -0.06127
         3   1.01545
         4  -0.03918
         5   0.38346
         6   2.88225
         7  -2.07866
         8   0.58089
         9  -2.98095
        10  -0.69205
        11  -1.28174
        12   1.78392
        13   1.41099
        14   0.45015
        15  -2.01867
        16  -0.25114
        17  -0.77822
        18   2.69464
        19  -0.27435
        20   0.48759
        21   1.70431
        22   0.34584
        23   0.85842
        24   0.19517
        25   3.08900
        26  -0.14839
        27  -0.57486
        28  -1.72417
        29   0.41618
        30  -0.29072
        31  -1.35866
        32  -0.32847
        33  -1.31514
        34   1.28976
        35  -1.30093
        36  -2.25505
        37  -1.51187
        38   0.47327
        39   0.80628
        40  -0.34750
        41   0.21420
        42  -0.61965
        43   0.69315
        44   0.80408
        45  -1.26498
        46  -1.44054
        47   0.68348
        48   0.96948
        49  -1.00431
        50  -1.17183
        51  -1.35894
        52  -0.67706
        53   0.05099
        54  -0.90655
        55   0.27834
        56   1.78384
        57   0.25791
        58   0.54319
        59  -0.46773
        60   0.90766
        61  -0.58876
        62  -0.65081
        63   0.41840
        64  -1.85672
        65  -0.09659
        66   0.00372
        67   0.72220
        68  -1.37271
        69   2.94490
        70   0.87204
        71   2.58208
        72  -1.03351
        73   3.30044
        74   0.20029
        75  -0.04060
        76   1.38371
        77  -0.29560
        78   3.41204
        79   3.08642
        80   1.83494
        81   0.19202
        82   2.18030
        83   0.08335
        84  -0.26789
        85  -0.84763
        86  -0.75088
        87   0.82768
        88  -0.11459
        89   0.32925
        90   1.23284
        91  -1.23396
        92   1.45770
        93   1.43447
        94   0.55504
        95  -1.44395
        96   0.10139
        97  -1.69819
        98   0.08035
        99  -0.00359
       100  -1.97657
       101  -1.28409
       102  -1.20130
       103  -0.88999
       104  -2.25726
       105  -1.19396
       106   0.97766
       107  -4.24345
       108  -1.55975
       109   0.93687
       110   0.25603
       111   1.05143
       112  -2.72456
       113   0.95439
       114  -1.00654
       115  -1.64324
       116  -0.07153
       117  -1.27261
       118  -0.74209
       119   1.25059
       120   0.53556
       121   2.48334
       122   1.26504
       123   0.38553
       124   2.13153
       125   0.79515
       126   1.93401
       127   1.69044
       128  -1.43007
       129   2.77811
       130  -0.14158
       131  -1.08724
Maximum change in item parameters was    0.02757 for parameter  17 
Maximum change in regression parameters was    0.00093 for dimension  1 coefficient  3
Maximum change in covariance parameters was   -0.00648
 for term  1  1Change in the deviance was     34.862
.......................................................
Iteration =    9
   Deviance=    114529.787 
   Covariance 
      0.62502      0.50447
      0.50447      0.85497
   Correlation 
      1.00000      0.69010
      0.69010      1.00000
   Regression Coefficients 
      0.00000      0.01644     -0.41964     -0.53258      0.02644      0.00000      0.01698     -0.47883     -0.55985     -0.22582
   Item Parameters 
         1   2.27067
         2  -0.04112
         3   1.03461
         4  -0.01906
         5   0.40321
         6   2.89983
         7  -2.05801
         8   0.59932
         9  -2.95995
        10  -0.67237
        11  -1.26159
        12   1.80108
        13   1.42978
        14   0.46984
        15  -1.99806
        16  -0.23084
        17  -0.75752
        18   2.71095
        19  -0.25403
        20   0.50724
        21   1.72156
        22   0.36562
        23   0.87773
        24   0.21401
        25   3.10501
        26  -0.13056
        27  -0.55692
        28  -1.70574
        29   0.43372
        30  -0.27292
        31  -1.34038
        32  -0.31066
        33  -1.29688
        34   1.30680
        35  -1.28263
        36  -2.23647
        37  -1.49353
        38   0.49064
        39   0.82361
        40  -0.32968
        41   0.23172
        42  -0.59766
        43   0.71217
        44   0.82503
        45  -1.24260
        46  -1.42006
        47   0.70250
        48   0.99029
        49  -0.98209
        50  -1.15149
        51  -1.33652
        52  -0.65700
        53   0.07252
        54  -0.88635
        55   0.29771
        56   1.80397
        57   0.27928
        58   0.56435
        59  -0.44584
        60   0.92649
        61  -0.56679
        62  -0.62880
        63   0.43966
        64  -1.83405
        65  -0.07693
        66   0.02330
        67   0.74119
        68  -1.35028
        69   2.95874
        70   0.88930
        71   2.59617
        72  -1.01441
        73   3.31407
        74   0.21826
        75  -0.02238
        76   1.39885
        77  -0.27714
        78   3.42561
        79   3.10158
        80   1.84966
        81   0.20999
        82   2.19621
        83   0.10144
        84  -0.24946
        85  -0.82868
        86  -0.73157
        87   0.84604
        88  -0.09561
        89   0.34795
        90   1.25091
        91  -1.21443
        92   1.47559
        93   1.45141
        94   0.57286
        95  -1.42449
        96   0.11964
        97  -1.67857
        98   0.09862
        99   0.01279
       100  -1.95828
       101  -1.26636
       102  -1.18365
       103  -0.87264
       104  -2.23878
       105  -1.17632
       106   0.99288
       107  -4.22423
       108  -1.54179
       109   0.95292
       110   0.27255
       111   1.06739
       112  -2.70670
       113   0.97042
       114  -0.98929
       115  -1.62571
       116  -0.05313
       117  -1.25329
       118  -0.72314
       119   1.26776
       120   0.55341
       121   2.49933
       122   1.28405
       123   0.40498
       124   2.15011
       125   0.81439
       126   1.95268
       127   1.70923
       128  -1.40976
       129   2.79640
       130  -0.12187
       131  -1.06709
Maximum change in item parameters was    0.02267 for parameter  64 
Maximum change in regression parameters was    0.00084 for dimension  1 coefficient  3
Maximum change in covariance parameters was   -0.00601
 for term  1  1Change in the deviance was     22.094
.......................................................
Iteration =   10
   Deviance=    114515.658 
   Covariance 
      0.61975      0.50606
      0.50606      0.85061
   Correlation 
      1.00000      0.69700
      0.69700      1.00000
   Regression Coefficients 
      0.00000      0.01642     -0.41894     -0.53207      0.02652      0.00000      0.01696     -0.47808     -0.55934     -0.22569
   Item Parameters 
         1   2.28298
         2  -0.02592
         3   1.04895
         4  -0.00387
         5   0.41807
         6   2.91278
         7  -2.04222
         8   0.61315
         9  -2.94382
        10  -0.65744
        11  -1.24624
        12   1.81379
        13   1.44379
        14   0.48465
        15  -1.98229
        16  -0.21550
        17  -0.74181
        18   2.72293
        19  -0.23866
        20   0.52201
        21   1.73434
        22   0.38051
        23   0.89220
        24   0.22819
        25   3.11751
        26  -0.11632
        27  -0.54251
        28  -1.69088
        29   0.44768
        30  -0.25865
        31  -1.32563
        32  -0.29636
        33  -1.28214
        34   1.32028
        35  -1.26791
        36  -2.22142
        37  -1.47872
        38   0.50449
        39   0.83735
        40  -0.31537
        41   0.24573
        42  -0.57938
        43   0.72774
        44   0.84233
        45  -1.22395
        46  -1.40309
        47   0.71808
        48   1.00746
        49  -0.96358
        50  -1.13465
        51  -1.31782
        52  -0.64044
        53   0.09037
        54  -0.86965
        55   0.31361
        56   1.82049
        57   0.29699
        58   0.58184
        59  -0.42765
        60   0.94189
        61  -0.54853
        62  -0.61050
        63   0.45724
        64  -1.81512
        65  -0.06075
        66   0.03941
        67   0.75674
        68  -1.33158
        69   2.96883
        70   0.90211
        71   2.60649
        72  -0.99998
        73   3.32397
        74   0.23170
        75  -0.00873
        76   1.41011
        77  -0.26327
        78   3.43546
        79   3.11258
        80   1.86053
        81   0.22344
        82   2.20785
        83   0.11498
        84  -0.23561
        85  -0.81438
        86  -0.71583
        87   0.86085
        88  -0.08020
        89   0.36309
        90   1.26543
        91  -1.19848
        92   1.48996
        93   1.46480
        94   0.58705
        95  -1.40877
        96   0.13422
        97  -1.66271
        98   0.11322
        99   0.02518
       100  -1.94421
       101  -1.25279
       102  -1.17014
       103  -0.85940
       104  -2.22455
       105  -1.16281
       106   1.00427
       107  -4.20934
       108  -1.52800
       109   0.96560
       110   0.28568
       111   1.07999
       112  -2.69222
       113   0.98309
       114  -0.97544
       115  -1.61158
       116  -0.03823
       117  -1.23752
       118  -0.70773
       119   1.28151
       120   0.56780
       121   2.51199
       122   1.29931
       123   0.42068
       124   2.16495
       125   0.82989
       126   1.96762
       127   1.72429
       128  -1.39319
       129   2.81095
       130  -0.10590
       131  -1.05066
Maximum change in item parameters was    0.01893 for parameter  64 
Maximum change in regression parameters was    0.00076 for dimension  2 coefficient  3
Maximum change in covariance parameters was   -0.00527
 for term  1  1Change in the deviance was     14.128
.......................................................
Iteration =   11
   Deviance=    114506.562 
   Covariance 
      0.61525      0.50723
      0.50723      0.84669
   Correlation 
      1.00000      0.70277
      0.70277      1.00000
   Regression Coefficients 
      0.00000      0.01640     -0.41838     -0.53159      0.02656      0.00000      0.01694     -0.47740     -0.55887     -0.22554
   Item Parameters 
         1   2.29217
         2  -0.01433
         3   1.05979
         4   0.00771
         5   0.42936
         6   2.92245
         7  -2.03004
         8   0.62363
         9  -2.93135
        10  -0.64601
        11  -1.23446
        12   1.82332
        13   1.45435
        14   0.49589
        15  -1.97014
        16  -0.20378
        17  -0.72978
        18   2.73183
        19  -0.22693
        20   0.53323
        21   1.74393
        22   0.39183
        23   0.90315
        24   0.23897
        25   3.12720
        26  -0.10506
        27  -0.53107
        28  -1.67903
        29   0.45868
        30  -0.24734
        31  -1.31388
        32  -0.28504
        33  -1.27042
        34   1.33084
        35  -1.25620
        36  -2.20940
        37  -1.46693
        38   0.51543
        39   0.84817
        40  -0.30404
        41   0.25679
        42  -0.56447
        43   0.74026
        44   0.85633
        45  -1.20872
        46  -1.38930
        47   0.73061
        48   1.02135
        49  -0.94847
        50  -1.12098
        51  -1.30255
        52  -0.62702
        53   0.10487
        54  -0.85611
        55   0.32642
        56   1.83380
        57   0.31136
        58   0.59602
        59  -0.41283
        60   0.95425
        61  -0.53364
        62  -0.59558
        63   0.47151
        64  -1.79963
        65  -0.04768
        66   0.05241
        67   0.76924
        68  -1.31629
        69   2.97631
        70   0.91174
        71   2.61416
        72  -0.98896
        73   3.33129
        74   0.24186
        75   0.00161
        76   1.41857
        77  -0.25274
        78   3.44273
        79   3.12067
        80   1.86867
        81   0.23361
        82   2.21648
        83   0.12523
        84  -0.22510
        85  -0.80347
        86  -0.70317
        87   0.87265
        88  -0.06786
        89   0.37519
        90   1.27698
        91  -1.18562
        92   1.50137
        93   1.47529
        94   0.59825
        95  -1.39621
        96   0.14577
        97  -1.65001
        98   0.12478
        99   0.03467
       100  -1.93330
       101  -1.24230
       102  -1.15971
       103  -0.84919
       104  -2.21350
       105  -1.15239
       106   1.01288
       107  -4.19773
       108  -1.51733
       109   0.97553
       110   0.29603
       111   1.08986
       112  -2.68063
       113   0.99302
       114  -0.96443
       115  -1.60031
       116  -0.02634
       117  -1.22484
       118  -0.69538
       119   1.29237
       120   0.57923
       121   2.52189
       122   1.31143
       123   0.43321
       124   2.17669
       125   0.84223
       126   1.97944
       127   1.73622
       128  -1.37984
       129   2.82244
       130  -0.09312
       131  -1.03746
Maximum change in item parameters was    0.01549 for parameter  64 
Maximum change in regression parameters was    0.00068 for dimension  2 coefficient  3
Maximum change in covariance parameters was   -0.00450
 for term  1  1Change in the deviance was      9.097
.......................................................
Iteration =   12
   Deviance=    114500.665 
   Covariance 
      0.61145      0.50815
      0.50815      0.84326
   Correlation 
      1.00000      0.70768
      0.70768      1.00000
   Regression Coefficients 
      0.00000      0.01639     -0.41794     -0.53115      0.02657      0.00000      0.01692     -0.47681     -0.55846     -0.22538
   Item Parameters 
         1   2.29908
         2  -0.00543
         3   1.06805
         4   0.01659
         5   0.43800
         6   2.92972
         7  -2.02060
         8   0.63163
         9  -2.92166
        10  -0.63721
        11  -1.22534
        12   1.83052
        13   1.46238
        14   0.50449
        15  -1.96072
        16  -0.19478
        17  -0.72051
        18   2.73851
        19  -0.21792
        20   0.54181
        21   1.75118
        22   0.40049
        23   0.91151
        24   0.24723
        25   3.13467
        26  -0.09620
        27  -0.52208
        28  -1.66966
        29   0.46730
        30  -0.23846
        31  -1.30461
        32  -0.27614
        33  -1.26116
        34   1.33907
        35  -1.24694
        36  -2.19989
        37  -1.45761
        38   0.52398
        39   0.85661
        40  -0.29513
        41   0.26547
        42  -0.55250
        43   0.75020
        44   0.86752
        45  -1.19645
        46  -1.37824
        47   0.74055
        48   1.03244
        49  -0.93632
        50  -1.11003
        51  -1.29024
        52  -0.61630
        53   0.11650
        54  -0.84528
        55   0.33662
        56   1.84438
        57   0.32287
        58   0.60737
        59  -0.40093
        60   0.96405
        61  -0.52168
        62  -0.58359
        63   0.48294
        64  -1.78713
        65  -0.03726
        66   0.06277
        67   0.77916
        68  -1.30398
        69   2.98190
        70   0.91904
        71   2.61991
        72  -0.98049
        73   3.33674
        74   0.24961
        75   0.00952
        76   1.42500
        77  -0.24468
        78   3.44814
        79   3.12668
        80   1.87482
        81   0.24136
        82   2.22294
        83   0.13306
        84  -0.21706
        85  -0.79510
        86  -0.69308
        87   0.88198
        88  -0.05805
        89   0.38478
        90   1.28608
        91  -1.17536
        92   1.51035
        93   1.48345
        94   0.60703
        95  -1.38624
        96   0.15486
        97  -1.63992
        98   0.13388
        99   0.04197
       100  -1.92479
       101  -1.23414
       102  -1.15160
       103  -0.84128
       104  -2.20487
       105  -1.14429
       106   1.01945
       107  -4.18863
       108  -1.50903
       109   0.98328
       110   0.30414
       111   1.09754
       112  -2.67141
       113   1.00075
       114  -0.95574
       115  -1.59139
       116  -0.01695
       117  -1.21476
       118  -0.68558
       119   1.30087
       120   0.58823
       121   2.52956
       122   1.32099
       123   0.44313
       124   2.18590
       125   0.85198
       126   1.98873
       127   1.74560
       128  -1.36920
       129   2.83143
       130  -0.08299
       131  -1.02695
Maximum change in item parameters was    0.01250 for parameter  64 
Maximum change in regression parameters was    0.00059 for dimension  2 coefficient  3
Maximum change in covariance parameters was   -0.00380
 for term  1  1Change in the deviance was      5.896
.......................................................
Iteration =   13
   Deviance=    114496.813 
   Covariance 
      0.60825      0.50894
      0.50894      0.84030
   Correlation 
      1.00000      0.71189
      0.71189      1.00000
   Regression Coefficients 
      0.00000      0.01637     -0.41759     -0.53077      0.02656      0.00000      0.01690     -0.47630     -0.55811     -0.22522
   Item Parameters 
         1   2.30432
         2   0.00143
         3   1.07438
         4   0.02345
         5   0.44465
         6   2.93522
         7  -2.01324
         8   0.63777
         9  -2.91410
        10  -0.63040
        11  -1.21827
        12   1.83600
        13   1.46851
        14   0.51111
        15  -1.95338
        16  -0.18783
        17  -0.71333
        18   2.74355
        19  -0.21096
        20   0.54841
        21   1.75669
        22   0.40716
        23   0.91792
        24   0.25359
        25   3.14040
        26  -0.08928
        27  -0.51504
        28  -1.66228
        29   0.47402
        30  -0.23151
        31  -1.29734
        32  -0.26918
        33  -1.25390
        34   1.34546
        35  -1.23967
        36  -2.19240
        37  -1.45029
        38   0.53064
        39   0.86319
        40  -0.28817
        41   0.27223
        42  -0.54295
        43   0.75802
        44   0.87638
        45  -1.18666
        46  -1.36945
        47   0.74838
        48   1.04121
        49  -0.92662
        50  -1.10133
        51  -1.28041
        52  -0.60780
        53   0.12574
        54  -0.83668
        55   0.34466
        56   1.85271
        57   0.33201
        58   0.61637
        59  -0.39145
        60   0.97175
        61  -0.51215
        62  -0.57403
        63   0.49199
        64  -1.77714
        65  -0.02903
        66   0.07095
        67   0.78696
        68  -1.29415
        69   2.98609
        70   0.92461
        71   2.62423
        72  -0.97394
        73   3.34081
        74   0.25555
        75   0.01559
        76   1.42990
        77  -0.23847
        78   3.45219
        79   3.13117
        80   1.87948
        81   0.24731
        82   2.22781
        83   0.13906
        84  -0.21086
        85  -0.78863
        86  -0.68510
        87   0.88930
        88  -0.05030
        89   0.39234
        90   1.29322
        91  -1.16722
        92   1.51737
        93   1.48978
        94   0.61388
        95  -1.37834
        96   0.16197
        97  -1.63193
        98   0.14101
        99   0.04762
       100  -1.91812
       101  -1.22777
       102  -1.14528
       103  -0.83511
       104  -2.19810
       105  -1.13796
       106   1.02449
       107  -4.18146
       108  -1.50253
       109   0.98929
       110   0.31046
       111   1.10350
       112  -2.66412
       113   1.00675
       114  -0.94891
       115  -1.58435
       116  -0.00958
       117  -1.20680
       118  -0.67786
       119   1.30747
       120   0.59525
       121   2.53544
       122   1.32847
       123   0.45093
       124   2.19309
       125   0.85963
       126   1.99599
       127   1.75294
       128  -1.36077
       129   2.83842
       130  -0.07500
       131  -1.01863
Maximum change in item parameters was    0.00999 for parameter  64 
Maximum change in regression parameters was    0.00051 for dimension  2 coefficient  3
Maximum change in covariance parameters was   -0.00320
 for term  1  1Change in the deviance was      3.853
.......................................................
Iteration =   14
   Deviance=    114494.270 
   Covariance 
      0.60555      0.50964
      0.50964      0.83775
   Correlation 
      1.00000      0.71553
      0.71553      1.00000
   Regression Coefficients 
      0.00000      0.01636     -0.41732     -0.53045      0.02655      0.00000      0.01689     -0.47586     -0.55780     -0.22508
   Item Parameters 
         1   2.30828
         2   0.00674
         3   1.07924
         4   0.02874
         5   0.44977
         6   2.93938
         7  -2.00750
         8   0.64249
         9  -2.90817
        10  -0.62510
        11  -1.21276
        12   1.84016
        13   1.47320
        14   0.51620
        15  -1.94765
        16  -0.18245
        17  -0.70776
        18   2.74735
        19  -0.20557
        20   0.55349
        21   1.76089
        22   0.41230
        23   0.92284
        24   0.25849
        25   3.14478
        26  -0.08387
        27  -0.50955
        28  -1.65648
        29   0.47925
        30  -0.22611
        31  -1.29165
        32  -0.26376
        33  -1.24822
        34   1.35040
        35  -1.23396
        36  -2.18652
        37  -1.44457
        38   0.53581
        39   0.86829
        40  -0.28275
        41   0.27748
        42  -0.53540
        43   0.76412
        44   0.88334
        45  -1.17888
        46  -1.36251
        47   0.75449
        48   1.04810
        49  -0.91893
        50  -1.09447
        51  -1.27261
        52  -0.60110
        53   0.13303
        54  -0.82990
        55   0.35096
        56   1.85923
        57   0.33921
        58   0.62345
        59  -0.38396
        60   0.97775
        61  -0.50461
        62  -0.56647
        63   0.49913
        64  -1.76919
        65  -0.02257
        66   0.07738
        67   0.79305
        68  -1.28634
        69   2.98923
        70   0.92886
        71   2.62749
        72  -0.96885
        73   3.34386
        74   0.26012
        75   0.02027
        76   1.43364
        77  -0.23368
        78   3.45521
        79   3.13452
        80   1.88303
        81   0.25188
        82   2.23147
        83   0.14368
        84  -0.20608
        85  -0.78361
        86  -0.67880
        87   0.89503
        88  -0.04421
        89   0.39826
        90   1.29878
        91  -1.16079
        92   1.52284
        93   1.49466
        94   0.61922
        95  -1.37212
        96   0.16754
        97  -1.62561
        98   0.14659
        99   0.05201
       100  -1.91288
       101  -1.22278
       102  -1.14032
       103  -0.83029
       104  -2.19277
       105  -1.13301
       106   1.02836
       107  -4.17580
       108  -1.49743
       109   0.99394
       110   0.31538
       111   1.10810
       112  -2.65836
       113   1.01140
       114  -0.94356
       115  -1.57882
       116  -0.00383
       117  -1.20054
       118  -0.67182
       119   1.31256
       120   0.60071
       121   2.53992
       122   1.33431
       123   0.45705
       124   2.19868
       125   0.86562
       126   2.00163
       127   1.75865
       128  -1.35410
       129   2.84384
       130  -0.06872
       131  -1.01206
Maximum change in item parameters was    0.00795 for parameter  64 
Maximum change in regression parameters was    0.00043 for dimension  2 coefficient  3
Maximum change in covariance parameters was   -0.00270
 for term  1  1Change in the deviance was      2.542
.......................................................
Iteration =   15
   Deviance=    114492.573 
   Covariance 
      0.60327      0.51027
      0.51027      0.83557
   Correlation 
      1.00000      0.71871
      0.71871      1.00000
   Regression Coefficients 
      0.00000      0.01635     -0.41711     -0.53017      0.02653      0.00000      0.01688     -0.47550     -0.55755     -0.22496
   Item Parameters 
         1   2.31128
         2   0.01085
         3   1.08297
         4   0.03285
         5   0.45373
         6   2.94252
         7  -2.00299
         8   0.64613
         9  -2.90351
        10  -0.62099
        11  -1.20845
        12   1.84332
        13   1.47679
        14   0.52014
        15  -1.94316
        16  -0.17828
        17  -0.70342
        18   2.75020
        19  -0.20139
        20   0.55741
        21   1.76408
        22   0.41627
        23   0.92663
        24   0.26228
        25   3.14812
        26  -0.07967
        27  -0.50528
        28  -1.65193
        29   0.48331
        30  -0.22191
        31  -1.28721
        32  -0.25956
        33  -1.24378
        34   1.35421
        35  -1.22949
        36  -2.18192
        37  -1.44010
        38   0.53980
        39   0.87224
        40  -0.27853
        41   0.28154
        42  -0.52945
        43   0.76887
        44   0.88879
        45  -1.17274
        46  -1.35704
        47   0.75924
        48   1.05348
        49  -0.91286
        50  -1.08907
        51  -1.26644
        52  -0.59585
        53   0.13876
        54  -0.82458
        55   0.35587
        56   1.86429
        57   0.34487
        58   0.62899
        59  -0.37805
        60   0.98241
        61  -0.49867
        62  -0.56051
        63   0.50472
        64  -1.76290
        65  -0.01752
        66   0.08239
        67   0.79779
        68  -1.28017
        69   2.99159
        70   0.93211
        71   2.62994
        72  -0.96489
        73   3.34613
        74   0.26364
        75   0.02388
        76   1.43649
        77  -0.22997
        78   3.45746
        79   3.13702
        80   1.88572
        81   0.25541
        82   2.23423
        83   0.14725
        84  -0.20239
        85  -0.77971
        86  -0.67385
        87   0.89950
        88  -0.03944
        89   0.40290
        90   1.30310
        91  -1.15572
        92   1.52709
        93   1.49841
        94   0.62336
        95  -1.36720
        96   0.17187
        97  -1.62062
        98   0.15093
        99   0.05542
       100  -1.90874
       101  -1.21886
       102  -1.13642
       103  -0.82651
       104  -2.18856
       105  -1.12911
       106   1.03134
       107  -4.17131
       108  -1.49341
       109   0.99753
       110   0.31920
       111   1.11165
       112  -2.65382
       113   1.01498
       114  -0.93936
       115  -1.57447
       116   0.00064
       117  -1.19563
       118  -0.66709
       119   1.31647
       120   0.60492
       121   2.54331
       122   1.33886
       123   0.46182
       124   2.20301
       125   0.87029
       126   2.00601
       127   1.76309
       128  -1.34885
       129   2.84803
       130  -0.06380
       131  -1.00689
Maximum change in item parameters was    0.00629 for parameter  64 
Maximum change in regression parameters was    0.00037 for dimension  2 coefficient  3
Maximum change in covariance parameters was   -0.00228
 for term  1  1Change in the deviance was      1.698
.......................................................
Iteration =   16
   Deviance=    114491.424 
   Covariance 
      0.60134      0.51084
      0.51084      0.83370
   Correlation 
      1.00000      0.72147
      0.72147      1.00000
   Regression Coefficients 
      0.00000      0.01634     -0.41694     -0.52994      0.02652      0.00000      0.01687     -0.47519     -0.55734     -0.22485
   Item Parameters 
         1   2.31354
         2   0.01404
         3   1.08583
         4   0.03603
         5   0.45679
         6   2.94489
         7  -1.99946
         8   0.64893
         9  -2.89985
        10  -0.61778
        11  -1.20509
        12   1.84573
        13   1.47953
        14   0.52317
        15  -1.93964
        16  -0.17504
        17  -0.70004
        18   2.75235
        19  -0.19814
        20   0.56043
        21   1.76651
        22   0.41933
        23   0.92954
        24   0.26521
        25   3.15064
        26  -0.07639
        27  -0.50197
        28  -1.64837
        29   0.48645
        30  -0.21866
        31  -1.28375
        32  -0.25630
        33  -1.24033
        34   1.35714
        35  -1.22599
        36  -2.17832
        37  -1.43661
        38   0.54287
        39   0.87529
        40  -0.27527
        41   0.28468
        42  -0.52477
        43   0.77254
        44   0.89304
        45  -1.16790
        46  -1.35274
        47   0.76291
        48   1.05767
        49  -0.90808
        50  -1.08483
        51  -1.26157
        52  -0.59174
        53   0.14324
        54  -0.82041
        55   0.35968
        56   1.86821
        57   0.34929
        58   0.63332
        59  -0.37342
        60   0.98601
        61  -0.49400
        62  -0.55582
        63   0.50909
        64  -1.75793
        65  -0.01358
        66   0.08629
        67   0.80145
        68  -1.27530
        69   2.99334
        70   0.93460
        71   2.63178
        72  -0.96181
        73   3.34782
        74   0.26636
        75   0.02667
        76   1.43867
        77  -0.22710
        78   3.45912
        79   3.13886
        80   1.88775
        81   0.25812
        82   2.23630
        83   0.15000
        84  -0.19952
        85  -0.77668
        86  -0.66996
        87   0.90297
        88  -0.03570
        89   0.40651
        90   1.30645
        91  -1.15173
        92   1.53037
        93   1.50128
        94   0.62657
        95  -1.36333
        96   0.17525
        97  -1.61668
        98   0.15432
        99   0.05808
       100  -1.90546
       101  -1.21576
       102  -1.13335
       103  -0.82354
       104  -2.18523
       105  -1.12605
       106   1.03363
       107  -4.16773
       108  -1.49024
       109   1.00029
       110   0.32216
       111   1.11438
       112  -2.65023
       113   1.01774
       114  -0.93608
       115  -1.57106
       116   0.00410
       117  -1.19180
       118  -0.66341
       119   1.31945
       120   0.60817
       121   2.54585
       122   1.34239
       123   0.46555
       124   2.20635
       125   0.87392
       126   2.00939
       127   1.76652
       128  -1.34472
       129   2.85125
       130  -0.05995
       131  -1.00283
Maximum change in item parameters was    0.00497 for parameter  64 
Maximum change in regression parameters was    0.00031 for dimension  2 coefficient  3
Maximum change in covariance parameters was   -0.00194
 for term  1  1Change in the deviance was      1.149
.......................................................
Iteration =   17
   Deviance=    114490.634 
   Covariance 
      0.59969      0.51136
      0.51136      0.83210
   Correlation 
      1.00000      0.72390
      0.72390      1.00000
   Regression Coefficients 
      0.00000      0.01634     -0.41680     -0.52974      0.02650      0.00000      0.01687     -0.47492     -0.55716     -0.22476
   Item Parameters 
         1   2.31524
         2   0.01651
         3   1.08803
         4   0.03849
         5   0.45914
         6   2.94667
         7  -1.99668
         8   0.65109
         9  -2.89696
        10  -0.61528
        11  -1.20245
        12   1.84754
        13   1.48163
        14   0.52551
        15  -1.93687
        16  -0.17252
        17  -0.69741
        18   2.75395
        19  -0.19562
        20   0.56276
        21   1.76835
        22   0.42170
        23   0.93178
        24   0.26748
        25   3.15255
        26  -0.07385
        27  -0.49941
        28  -1.64557
        29   0.48889
        30  -0.21615
        31  -1.28105
        32  -0.25378
        33  -1.23765
        34   1.35939
        35  -1.22325
        36  -2.17551
        37  -1.43390
        38   0.54524
        39   0.87764
        40  -0.27275
        41   0.28709
        42  -0.52110
        43   0.77537
        44   0.89633
        45  -1.16408
        46  -1.34938
        47   0.76575
        48   1.06093
        49  -0.90432
        50  -1.08152
        51  -1.25774
        52  -0.58854
        53   0.14675
        54  -0.81716
        55   0.36264
        56   1.87122
        57   0.35274
        58   0.63669
        59  -0.36978
        60   0.98877
        61  -0.49033
        62  -0.55214
        63   0.51250
        64  -1.75400
        65  -0.01052
        66   0.08932
        67   0.80427
        68  -1.27146
        69   2.99462
        70   0.93650
        71   2.63313
        72  -0.95940
        73   3.34905
        74   0.26845
        75   0.02883
        76   1.44032
        77  -0.22487
        78   3.46034
        79   3.14022
        80   1.88928
        81   0.26021
        82   2.23784
        83   0.15212
        84  -0.19730
        85  -0.77431
        86  -0.66690
        87   0.90566
        88  -0.03278
        89   0.40933
        90   1.30904
        91  -1.14859
        92   1.53290
        93   1.50348
        94   0.62905
        95  -1.36027
        96   0.17788
        97  -1.61357
        98   0.15695
        99   0.06016
       100  -1.90287
       101  -1.21332
       102  -1.13093
       103  -0.82120
       104  -2.18258
       105  -1.12363
       106   1.03539
       107  -4.16488
       108  -1.48773
       109   1.00242
       110   0.32445
       111   1.11648
       112  -2.64740
       113   1.01986
       114  -0.93351
       115  -1.56837
       116   0.00677
       117  -1.18880
       118  -0.66055
       119   1.32171
       120   0.61065
       121   2.54774
       122   1.34512
       123   0.46845
       124   2.20893
       125   0.87674
       126   2.01200
       127   1.76917
       128  -1.34147
       129   2.85372
       130  -0.05694
       131  -0.99964
Maximum change in item parameters was    0.00393 for parameter  64 
Maximum change in regression parameters was    0.00026 for dimension  2 coefficient  3
Maximum change in covariance parameters was   -0.00165
 for term  1  1Change in the deviance was      0.789
.......................................................
Iteration =   18
   Deviance=    114490.083 
   Covariance 
      0.59827      0.51184
      0.51184      0.83072
   Correlation 
      1.00000      0.72603
      0.72603      1.00000
   Regression Coefficients 
      0.00000      0.01633     -0.41669     -0.52957      0.02648      0.00000      0.01686     -0.47470     -0.55702     -0.22468
   Item Parameters 
         1   2.31650
         2   0.01842
         3   1.08970
         4   0.04040
         5   0.46096
         6   2.94798
         7  -1.99449
         8   0.65274
         9  -2.89468
        10  -0.61333
        11  -1.20039
        12   1.84891
        13   1.48322
        14   0.52731
        15  -1.93469
        16  -0.17057
        17  -0.69536
        18   2.75512
        19  -0.19367
        20   0.56455
        21   1.76973
        22   0.42352
        23   0.93349
        24   0.26923
        25   3.15397
        26  -0.07188
        27  -0.49742
        28  -1.64338
        29   0.49076
        30  -0.21421
        31  -1.27896
        32  -0.25183
        33  -1.23556
        34   1.36111
        35  -1.22111
        36  -2.17332
        37  -1.43178
        38   0.54705
        39   0.87945
        40  -0.27080
        41   0.28895
        42  -0.51822
        43   0.77755
        44   0.89889
        45  -1.16108
        46  -1.34674
        47   0.76793
        48   1.06344
        49  -0.90137
        50  -1.07892
        51  -1.25472
        52  -0.58604
        53   0.14948
        54  -0.81461
        55   0.36492
        56   1.87354
        57   0.35542
        58   0.63931
        59  -0.36693
        60   0.99090
        61  -0.48746
        62  -0.54925
        63   0.51514
        64  -1.75090
        65  -0.00815
        66   0.09167
        67   0.80644
        68  -1.26844
        69   2.99556
        70   0.93794
        71   2.63413
        72  -0.95752
        73   3.34994
        74   0.27005
        75   0.03050
        76   1.44157
        77  -0.22315
        78   3.46121
        79   3.14119
        80   1.89043
        81   0.26182
        82   2.23898
        83   0.15376
        84  -0.19559
        85  -0.77247
        86  -0.66451
        87   0.90775
        88  -0.03050
        89   0.41152
        90   1.31104
        91  -1.14612
        92   1.53485
        93   1.50515
        94   0.63097
        95  -1.35785
        96   0.17992
        97  -1.61110
        98   0.15900
        99   0.06177
       100  -1.90080
       101  -1.21139
       102  -1.12902
       103  -0.81935
       104  -2.18047
       105  -1.12171
       106   1.03673
       107  -4.16259
       108  -1.48574
       109   1.00405
       110   0.32623
       111   1.11809
       112  -2.64517
       113   1.02149
       114  -0.93150
       115  -1.56626
       116   0.00883
       117  -1.18646
       118  -0.65832
       119   1.32342
       120   0.61256
       121   2.54912
       122   1.34723
       123   0.47071
       124   2.21090
       125   0.87893
       126   2.01400
       127   1.77122
       128  -1.33890
       129   2.85561
       130  -0.05459
       131  -0.99714
Maximum change in item parameters was    0.00310 for parameter  64 
Maximum change in regression parameters was    0.00022 for dimension  2 coefficient  3
Maximum change in covariance parameters was   -0.00142
 for term  1  1Change in the deviance was      0.551
.......................................................
Iteration =   19
   Deviance=    114489.692 
   Covariance 
      0.59705      0.51227
      0.51227      0.82954
   Correlation 
      1.00000      0.72790
      0.72790      1.00000
   Regression Coefficients 
      0.00000      0.01633     -0.41661     -0.52942      0.02647      0.00000      0.01686     -0.47452     -0.55689     -0.22461
   Item Parameters 
         1   2.31743
         2   0.01989
         3   1.09098
         4   0.04187
         5   0.46236
         6   2.94895
         7  -1.99276
         8   0.65401
         9  -2.89287
        10  -0.61181
        11  -1.19877
        12   1.84993
        13   1.48442
        14   0.52870
        15  -1.93297
        16  -0.16906
        17  -0.69376
        18   2.75598
        19  -0.19215
        20   0.56593
        21   1.77077
        22   0.42493
        23   0.93479
        24   0.27057
        25   3.15503
        26  -0.07035
        27  -0.49589
        28  -1.64166
        29   0.49221
        30  -0.21271
        31  -1.27733
        32  -0.25033
        33  -1.23394
        34   1.36243
        35  -1.21943
        36  -2.17161
        37  -1.43014
        38   0.54844
        39   0.88084
        40  -0.26929
        41   0.29037
        42  -0.51596
        43   0.77922
        44   0.90087
        45  -1.15872
        46  -1.34467
        47   0.76960
        48   1.06539
        49  -0.89904
        50  -1.07690
        51  -1.25234
        52  -0.58409
        53   0.15161
        54  -0.81263
        55   0.36668
        56   1.87532
        57   0.35751
        58   0.64135
        59  -0.36470
        60   0.99252
        61  -0.48521
        62  -0.54699
        63   0.51720
        64  -1.74845
        65  -0.00632
        66   0.09349
        67   0.80810
        68  -1.26606
        69   2.99623
        70   0.93903
        71   2.63485
        72  -0.95606
        73   3.35056
        74   0.27129
        75   0.03178
        76   1.44251
        77  -0.22182
        78   3.46183
        79   3.14189
        80   1.89128
        81   0.26306
        82   2.23982
        83   0.15502
        84  -0.19426
        85  -0.77103
        86  -0.66262
        87   0.90936
        88  -0.02871
        89   0.41323
        90   1.31258
        91  -1.14418
        92   1.53634
        93   1.50642
        94   0.63245
        95  -1.35595
        96   0.18151
        97  -1.60915
        98   0.16059
        99   0.06303
       100  -1.89915
       101  -1.20985
       102  -1.12750
       103  -0.81790
       104  -2.17878
       105  -1.12020
       106   1.03776
       107  -4.16075
       108  -1.48416
       109   1.00530
       110   0.32760
       111   1.11931
       112  -2.64340
       113   1.02273
       114  -0.92992
       115  -1.56460
       116   0.01042
       117  -1.18464
       118  -0.65660
       119   1.32470
       120   0.61400
       121   2.55013
       122   1.34886
       123   0.47247
       124   2.21242
       125   0.88063
       126   2.01555
       127   1.77279
       128  -1.33689
       129   2.85705
       130  -0.05276
       131  -0.99517
Maximum change in item parameters was    0.00245 for parameter  64 
Maximum change in regression parameters was    0.00019 for dimension  2 coefficient  3
Maximum change in covariance parameters was   -0.00122
 for term  1  1Change in the deviance was      0.391
.......................................................
Iteration =   20
   Deviance=    114489.411 
   Covariance 
      0.59600      0.51266
      0.51266      0.82851
   Correlation 
      1.00000      0.72956
      0.72956      1.00000
   Regression Coefficients 
      0.00000      0.01632     -0.41654     -0.52930      0.02646      0.00000      0.01685     -0.47436     -0.55679     -0.22455
   Item Parameters 
         1   2.31811
         2   0.02104
         3   1.09195
         4   0.04301
         5   0.46343
         6   2.94965
         7  -1.99140
         8   0.65498
         9  -2.89144
        10  -0.61063
        11  -1.19750
        12   1.85068
        13   1.48532
        14   0.52976
        15  -1.93161
        16  -0.16789
        17  -0.69251
        18   2.75660
        19  -0.19098
        20   0.56698
        21   1.77154
        22   0.42600
        23   0.93579
        24   0.27161
        25   3.15581
        26  -0.06916
        27  -0.49471
        28  -1.64031
        29   0.49333
        30  -0.21156
        31  -1.27607
        32  -0.24918
        33  -1.23268
        34   1.36343
        35  -1.21812
        36  -2.17027
        37  -1.42886
        38   0.54949
        39   0.88191
        40  -0.26814
        41   0.29146
        42  -0.51420
        43   0.78049
        44   0.90240
        45  -1.15686
        46  -1.34305
        47   0.77087
        48   1.06689
        49  -0.89722
        50  -1.07531
        51  -1.25047
        52  -0.58258
        53   0.15327
        54  -0.81108
        55   0.36803
        56   1.87667
        57   0.35914
        58   0.64292
        59  -0.36296
        60   0.99375
        61  -0.48345
        62  -0.54522
        63   0.51880
        64  -1.74652
        65  -0.00490
        66   0.09489
        67   0.80937
        68  -1.26418
        69   2.99670
        70   0.93985
        71   2.63537
        72  -0.95491
        73   3.35100
        74   0.27223
        75   0.03277
        76   1.44320
        77  -0.22079
        78   3.46225
        79   3.14237
        80   1.89190
        81   0.26400
        82   2.24041
        83   0.15598
        84  -0.19323
        85  -0.76991
        86  -0.66115
        87   0.91061
        88  -0.02732
        89   0.41456
        90   1.31376
        91  -1.14264
        92   1.53749
        93   1.50737
        94   0.63358
        95  -1.35443
        96   0.18274
        97  -1.60760
        98   0.16183
        99   0.06402
       100  -1.89783
       101  -1.20864
       102  -1.12629
       103  -0.81674
       104  -2.17743
       105  -1.11899
       106   1.03854
       107  -4.15927
       108  -1.48290
       109   1.00625
       110   0.32865
       111   1.12024
       112  -2.64199
       113   1.02368
       114  -0.92869
       115  -1.56329
       116   0.01163
       117  -1.18322
       118  -0.65526
       119   1.32565
       120   0.61510
       121   2.55085
       122   1.35012
       123   0.47384
       124   2.21358
       125   0.88195
       126   2.01673
       127   1.77400
       128  -1.33530
       129   2.85814
       130  -0.05133
       131  -0.99362
Maximum change in item parameters was    0.00193 for parameter  64 
Maximum change in regression parameters was    0.00016 for dimension  2 coefficient  3
Maximum change in covariance parameters was   -0.00105
 for term  1  1Change in the deviance was      0.281
.......................................................
Iteration =   21
   Deviance=    114489.206 
   Covariance 
      0.59509      0.51302
      0.51302      0.82762
   Correlation 
      1.00000      0.73101
      0.73101      1.00000
   Regression Coefficients 
      0.00000      0.01632     -0.41648     -0.52919      0.02645      0.00000      0.01685     -0.47423     -0.55670     -0.22449
   Item Parameters 
         1   2.31860
         2   0.02192
         3   1.09268
         4   0.04389
         5   0.46425
         6   2.95015
         7  -1.99032
         8   0.65571
         9  -2.89030
        10  -0.60970
        11  -1.19650
        12   1.85123
        13   1.48600
        14   0.53057
        15  -1.93054
        16  -0.16698
        17  -0.69154
        18   2.75703
        19  -0.19007
        20   0.56779
        21   1.77210
        22   0.42683
        23   0.93654
        24   0.27241
        25   3.15638
        26  -0.06825
        27  -0.49380
        28  -1.63926
        29   0.49418
        30  -0.21068
        31  -1.27509
        32  -0.24829
        33  -1.23170
        34   1.36418
        35  -1.21710
        36  -2.16923
        37  -1.42787
        38   0.55030
        39   0.88272
        40  -0.26725
        41   0.29230
        42  -0.51281
        43   0.78146
        44   0.90358
        45  -1.15539
        46  -1.34179
        47   0.77184
        48   1.06804
        49  -0.89579
        50  -1.07408
        51  -1.24899
        52  -0.58141
        53   0.15456
        54  -0.80987
        55   0.36906
        56   1.87769
        57   0.36040
        58   0.64414
        59  -0.36160
        60   0.99468
        61  -0.48207
        62  -0.54383
        63   0.52004
        64  -1.74499
        65  -0.00381
        66   0.09596
        67   0.81034
        68  -1.26270
        69   2.99702
        70   0.94047
        71   2.63572
        72  -0.95401
        73   3.35128
        74   0.27295
        75   0.03352
        76   1.44372
        77  -0.21999
        78   3.46253
        79   3.14269
        80   1.89235
        81   0.26473
        82   2.24084
        83   0.15672
        84  -0.19244
        85  -0.76904
        86  -0.65999
        87   0.91157
        88  -0.02624
        89   0.41558
        90   1.31466
        91  -1.14143
        92   1.53836
        93   1.50808
        94   0.63446
        95  -1.35324
        96   0.18369
        97  -1.60637
        98   0.16278
        99   0.06478
       100  -1.89678
       101  -1.20766
       102  -1.12533
       103  -0.81583
       104  -2.17634
       105  -1.11803
       106   1.03914
       107  -4.15807
       108  -1.48189
       109   1.00697
       110   0.32947
       111   1.12095
       112  -2.64088
       113   1.02440
       114  -0.92772
       115  -1.56226
       116   0.01256
       117  -1.18211
       118  -0.65423
       119   1.32636
       120   0.61593
       121   2.55135
       122   1.35109
       123   0.47490
       124   2.21446
       125   0.88297
       126   2.01763
       127   1.77493
       128  -1.33404
       129   2.85897
       130  -0.05021
       131  -0.99240
Maximum change in item parameters was    0.00153 for parameter  64 
Maximum change in regression parameters was    0.00013 for dimension  2 coefficient  3
Maximum change in covariance parameters was   -0.00091
 for term  1  1Change in the deviance was      0.206
.......................................................
Iteration =   22
   Deviance=    114489.053 
   Covariance 
      0.59429      0.51334
      0.51334      0.82685
   Correlation 
      1.00000      0.73230
      0.73230      1.00000
   Regression Coefficients 
      0.00000      0.01632     -0.41643     -0.52909      0.02644      0.00000      0.01684     -0.47411     -0.55663     -0.22445
   Item Parameters 
         1   2.31894
         2   0.02259
         3   1.09322
         4   0.04456
         5   0.46487
         6   2.95050
         7  -1.98947
         8   0.65627
         9  -2.88939
        10  -0.60898
        11  -1.19572
        12   1.85163
        13   1.48649
        14   0.53118
        15  -1.92969
        16  -0.16629
        17  -0.69078
        18   2.75732
        19  -0.18937
        20   0.56840
        21   1.77250
        22   0.42746
        23   0.93710
        24   0.27301
        25   3.15679
        26  -0.06754
        27  -0.49310
        28  -1.63842
        29   0.49484
        30  -0.21000
        31  -1.27433
        32  -0.24761
        33  -1.23094
        34   1.36475
        35  -1.21629
        36  -2.16841
        37  -1.42710
        38   0.55090
        39   0.88334
        40  -0.26657
        41   0.29293
        42  -0.51172
        43   0.78219
        44   0.90448
        45  -1.15423
        46  -1.34079
        47   0.77258
        48   1.06892
        49  -0.89466
        50  -1.07311
        51  -1.24782
        52  -0.58049
        53   0.15557
        54  -0.80893
        55   0.36985
        56   1.87847
        57   0.36138
        58   0.64508
        59  -0.36053
        60   0.99539
        61  -0.48098
        62  -0.54274
        63   0.52099
        64  -1.74377
        65  -0.00296
        66   0.09679
        67   0.81106
        68  -1.26154
        69   2.99722
        70   0.94092
        71   2.63596
        72  -0.95331
        73   3.35146
        74   0.27350
        75   0.03411
        76   1.44410
        77  -0.21938
        78   3.46269
        79   3.14288
        80   1.89267
        81   0.26528
        82   2.24112
        83   0.15729
        84  -0.19183
        85  -0.76836
        86  -0.65907
        87   0.91231
        88  -0.02539
        89   0.41638
        90   1.31535
        91  -1.14048
        92   1.53902
        93   1.50861
        94   0.63513
        95  -1.35229
        96   0.18443
        97  -1.60539
        98   0.16353
        99   0.06538
       100  -1.89593
       101  -1.20689
       102  -1.12457
       103  -0.81510
       104  -2.17547
       105  -1.11727
       106   1.03958
       107  -4.15710
       108  -1.48108
       109   1.00752
       110   0.33009
       111   1.12148
       112  -2.63999
       113   1.02494
       114  -0.92696
       115  -1.56145
       116   0.01326
       117  -1.18125
       118  -0.65344
       119   1.32687
       120   0.61654
       121   2.55168
       122   1.35184
       123   0.47573
       124   2.21513
       125   0.88375
       126   2.01831
       127   1.77563
       128  -1.33305
       129   2.85959
       130  -0.04933
       131  -0.99144
Maximum change in item parameters was    0.00121 for parameter  64 
Maximum change in regression parameters was    0.00011 for dimension  2 coefficient  3
Maximum change in covariance parameters was   -0.00080
 for term  1  1Change in the deviance was      0.152
.......................................................
Iteration =   23
   Deviance=    114488.939 
   Covariance 
      0.59360      0.51363
      0.51363      0.82619
   Correlation 
      1.00000      0.73344
      0.73344      1.00000
   Regression Coefficients 
      0.00000      0.01632     -0.41639     -0.52901      0.02643      0.00000      0.01684     -0.47402     -0.55656     -0.22441
   Item Parameters 
         1   2.31916
         2   0.02311
         3   1.09363
         4   0.04508
         5   0.46534
         6   2.95073
         7  -1.98879
         8   0.65669
         9  -2.88867
        10  -0.60842
        11  -1.19510
        12   1.85191
        13   1.48686
        14   0.53165
        15  -1.92901
        16  -0.16575
        17  -0.69019
        18   2.75751
        19  -0.18883
        20   0.56886
        21   1.77279
        22   0.42793
        23   0.93752
        24   0.27348
        25   3.15708
        26  -0.06699
        27  -0.49256
        28  -1.63777
        29   0.49534
        30  -0.20948
        31  -1.27374
        32  -0.24709
        33  -1.23036
        34   1.36518
        35  -1.21567
        36  -2.16777
        37  -1.42650
        38   0.55136
        39   0.88380
        40  -0.26605
        41   0.29340
        42  -0.51087
        43   0.78274
        44   0.90518
        45  -1.15332
        46  -1.34001
        47   0.77313
        48   1.06960
        49  -0.89377
        50  -1.07235
        51  -1.24690
        52  -0.57978
        53   0.15635
        54  -0.80820
        55   0.37046
        56   1.87905
        57   0.36214
        58   0.64581
        59  -0.35969
        60   0.99591
        61  -0.48013
        62  -0.54189
        63   0.52173
        64  -1.74281
        65  -0.00232
        66   0.09743
        67   0.81161
        68  -1.26061
        69   2.99734
        70   0.94126
        71   2.63611
        72  -0.95277
        73   3.35155
        74   0.27392
        75   0.03455
        76   1.44437
        77  -0.21890
        78   3.46278
        79   3.14299
        80   1.89289
        81   0.26569
        82   2.24131
        83   0.15771
        84  -0.19136
        85  -0.76783
        86  -0.65835
        87   0.91288
        88  -0.02472
        89   0.41700
        90   1.31588
        91  -1.13972
        92   1.53952
        93   1.50900
        94   0.63564
        95  -1.35153
        96   0.18501
        97  -1.60461
        98   0.16410
        99   0.06585
       100  -1.89524
       101  -1.20627
       102  -1.12395
       103  -0.81453
       104  -2.17476
       105  -1.11666
       106   1.03992
       107  -4.15630
       108  -1.48043
       109   1.00793
       110   0.33057
       111   1.12188
       112  -2.63929
       113   1.02535
       114  -0.92637
       115  -1.56080
       116   0.01380
       117  -1.18058
       118  -0.65282
       119   1.32723
       120   0.61700
       121   2.55190
       122   1.35241
       123   0.47637
       124   2.21564
       125   0.88436
       126   2.01883
       127   1.77617
       128  -1.33227
       129   2.86005
       130  -0.04865
       131  -0.99068
Maximum change in item parameters was    0.00096 for parameter  64 
Maximum change in regression parameters was    0.00010 for dimension  2 coefficient  3
Maximum change in covariance parameters was   -0.00070
 for term  1  1Change in the deviance was      0.114

 =>Itanal >> twodim.itn;

 =>show cases! estimates=latent >> twodim.pvl;

 =>show cases! estimate=wle >> twodim.wle;

 =>equivalence wle >> twodim.equ;

 =>show >> twodim.shw;

 =>export history >> twodim.his;

 =>export covariance >> twodim.cov;

 =>export reg_coefficients >> twodim.reg;

 =>descriptives !estimates=pv >> twodim_pvl.dsc;

 =>descriptives !estimates=wle >> twodim_wle.dsc;

 =>quit;
